# JRE version: OpenJDK Runtime Environment (8.0_202-b03) (build 1.8.0_202-release-1483-b03)
# Java VM: OpenJDK 64-Bit Server VM (25.202-b03 mixed mode windows-amd64 compressed oops)
Heap:
 PSYoungGen      total 378880K, used 348514K [0x00000000e0000000, 0x00000000fa980000, 0x0000000100000000)
  eden space 330240K, 98% used [0x00000000e0000000,0x00000000f3c80530,0x00000000f4280000)
  from space 48640K, 50% used [0x00000000f7a00000,0x00000000f91d84d8,0x00000000fa980000)
  to   space 52736K, 0% used [0x00000000f4280000,0x00000000f4280000,0x00000000f7600000)
 ParOldGen       total 183296K, used 50432K [0x00000000a0000000, 0x00000000ab300000, 0x00000000e0000000)
  object space 183296K, 27% used [0x00000000a0000000,0x00000000a31402c0,0x00000000ab300000)
 Metaspace       used 96737K, capacity 100244K, committed 101464K, reserved 1136640K
  class space    used 12448K, capacity 13164K, committed 13440K, reserved 1048576K
GC Heap History (10 events):
Event: 1779.433 GC heap before
{Heap before GC invocations=25 (full 4):
 PSYoungGen      total 312320K, used 312293K [0x00000000e0000000, 0x00000000f7800000, 0x0000000100000000)
  eden space 266752K, 100% used [0x00000000e0000000,0x00000000f0480000,0x00000000f0480000)
  from space 45568K, 99% used [0x00000000f3980000,0x00000000f65f9478,0x00000000f6600000)
  to   space 54272K, 0% used [0x00000000f0480000,0x00000000f0480000,0x00000000f3980000)
 ParOldGen       total 183296K, used 96626K [0x00000000a0000000, 0x00000000ab300000, 0x00000000e0000000)
  object space 183296K, 52% used [0x00000000a0000000,0x00000000a5e5c958,0x00000000ab300000)
 Metaspace       used 92491K, capacity 96378K, committed 96728K, reserved 1132544K
  class space    used 12203K, capacity 12951K, committed 13056K, reserved 1048576K
Event: 1779.974 GC heap after
Heap after GC invocations=25 (full 4):
 PSYoungGen      total 321024K, used 29604K [0x00000000e0000000, 0x00000000f8e80000, 0x0000000100000000)
  eden space 266752K, 0% used [0x00000000e0000000,0x00000000e0000000,0x00000000f0480000)
  from space 54272K, 54% used [0x00000000f0480000,0x00000000f2169160,0x00000000f3980000)
  to   space 53760K, 0% used [0x00000000f5a00000,0x00000000f5a00000,0x00000000f8e80000)
 ParOldGen       total 183296K, used 108786K [0x00000000a0000000, 0x00000000ab300000, 0x00000000e0000000)
  object space 183296K, 59% used [0x00000000a0000000,0x00000000a6a3c9b8,0x00000000ab300000)
 Metaspace       used 92491K, capacity 96378K, committed 96728K, reserved 1132544K
  class space    used 12203K, capacity 12951K, committed 13056K, reserved 1048576K
}
Event: 5094.187 GC heap before
{Heap before GC invocations=26 (full 4):
 PSYoungGen      total 321024K, used 261952K [0x00000000e0000000, 0x00000000f8e80000, 0x0000000100000000)
  eden space 266752K, 87% used [0x00000000e0000000,0x00000000ee2e7118,0x00000000f0480000)
  from space 54272K, 54% used [0x00000000f0480000,0x00000000f2169160,0x00000000f3980000)
  to   space 53760K, 0% used [0x00000000f5a00000,0x00000000f5a00000,0x00000000f8e80000)
 ParOldGen       total 183296K, used 108786K [0x00000000a0000000, 0x00000000ab300000, 0x00000000e0000000)
  object space 183296K, 59% used [0x00000000a0000000,0x00000000a6a3c9b8,0x00000000ab300000)
 Metaspace       used 93006K, capacity 97032K, committed 97240K, reserved 1134592K
  class space    used 12221K, capacity 12980K, committed 13056K, reserved 1048576K
Event: 5094.835 GC heap after
Heap after GC invocations=26 (full 4):
 PSYoungGen      total 350208K, used 16458K [0x00000000e0000000, 0x00000000f8a80000, 0x0000000100000000)
  eden space 300544K, 0% used [0x00000000e0000000,0x00000000e0000000,0x00000000f2580000)
  from space 49664K, 33% used [0x00000000f5a00000,0x00000000f6a12958,0x00000000f8a80000)
  to   space 51712K, 0% used [0x00000000f2580000,0x00000000f2580000,0x00000000f5800000)
 ParOldGen       total 183296K, used 108794K [0x00000000a0000000, 0x00000000ab300000, 0x00000000e0000000)
  object space 183296K, 59% used [0x00000000a0000000,0x00000000a6a3e9b8,0x00000000ab300000)
 Metaspace       used 93006K, capacity 97032K, committed 97240K, reserved 1134592K
  class space    used 12221K, capacity 12980K, committed 13056K, reserved 1048576K
}
Event: 5094.837 GC heap before
{Heap before GC invocations=27 (full 5):
 PSYoungGen      total 350208K, used 16458K [0x00000000e0000000, 0x00000000f8a80000, 0x0000000100000000)
  eden space 300544K, 0% used [0x00000000e0000000,0x00000000e0000000,0x00000000f2580000)
  from space 49664K, 33% used [0x00000000f5a00000,0x00000000f6a12958,0x00000000f8a80000)
  to   space 51712K, 0% used [0x00000000f2580000,0x00000000f2580000,0x00000000f5800000)
 ParOldGen       total 183296K, used 108794K [0x00000000a0000000, 0x00000000ab300000, 0x00000000e0000000)
  object space 183296K, 59% used [0x00000000a0000000,0x00000000a6a3e9b8,0x00000000ab300000)
 Metaspace       used 93006K, capacity 97032K, committed 97240K, reserved 1134592K
  class space    used 12221K, capacity 12980K, committed 13056K, reserved 1048576K
Event: 5099.523 GC heap after
Heap after GC invocations=27 (full 5):
 PSYoungGen      total 350208K, used 0K [0x00000000e0000000, 0x00000000f8a80000, 0x0000000100000000)
  eden space 300544K, 0% used [0x00000000e0000000,0x00000000e0000000,0x00000000f2580000)
  from space 49664K, 0% used [0x00000000f5a00000,0x00000000f5a00000,0x00000000f8a80000)
  to   space 51712K, 0% used [0x00000000f2580000,0x00000000f2580000,0x00000000f5800000)
 ParOldGen       total 183296K, used 50416K [0x00000000a0000000, 0x00000000ab300000, 0x00000000e0000000)
  object space 183296K, 27% used [0x00000000a0000000,0x00000000a313c2c0,0x00000000ab300000)
 Metaspace       used 91162K, capacity 94074K, committed 97240K, reserved 1134592K
  class space    used 11883K, capacity 12434K, committed 13056K, reserved 1048576K
}
Event: 6201.574 GC heap before
{Heap before GC invocations=28 (full 5):
 PSYoungGen      total 350208K, used 300544K [0x00000000e0000000, 0x00000000f8a80000, 0x0000000100000000)
  eden space 300544K, 100% used [0x00000000e0000000,0x00000000f2580000,0x00000000f2580000)
  from space 49664K, 0% used [0x00000000f5a00000,0x00000000f5a00000,0x00000000f8a80000)
  to   space 51712K, 0% used [0x00000000f2580000,0x00000000f2580000,0x00000000f5800000)
 ParOldGen       total 183296K, used 50416K [0x00000000a0000000, 0x00000000ab300000, 0x00000000e0000000)
  object space 183296K, 27% used [0x00000000a0000000,0x00000000a313c2c0,0x00000000ab300000)
 Metaspace       used 91802K, capacity 94982K, committed 97240K, reserved 1134592K
  class space    used 11966K, capacity 12583K, committed 13056K, reserved 1048576K
Event: 6201.799 GC heap after
Heap after GC invocations=28 (full 5):
 PSYoungGen      total 352256K, used 39974K [0x00000000e0000000, 0x00000000fb000000, 0x0000000100000000)
  eden space 300544K, 0% used [0x00000000e0000000,0x00000000e0000000,0x00000000f2580000)
  from space 51712K, 77% used [0x00000000f2580000,0x00000000f4c89b48,0x00000000f5800000)
  to   space 55296K, 0% used [0x00000000f7a00000,0x00000000f7a00000,0x00000000fb000000)
 ParOldGen       total 183296K, used 50424K [0x00000000a0000000, 0x00000000ab300000, 0x00000000e0000000)
  object space 183296K, 27% used [0x00000000a0000000,0x00000000a313e2c0,0x00000000ab300000)
 Metaspace       used 91802K, capacity 94982K, committed 97240K, reserved 1134592K
  class space    used 11966K, capacity 12583K, committed 13056K, reserved 1048576K
}
Event: 6236.664 GC heap before
{Heap before GC invocations=29 (full 5):
 PSYoungGen      total 352256K, used 340518K [0x00000000e0000000, 0x00000000fb000000, 0x0000000100000000)
  eden space 300544K, 100% used [0x00000000e0000000,0x00000000f2580000,0x00000000f2580000)
  from space 51712K, 77% used [0x00000000f2580000,0x00000000f4c89b48,0x00000000f5800000)
  to   space 55296K, 0% used [0x00000000f7a00000,0x00000000f7a00000,0x00000000fb000000)
 ParOldGen       total 183296K, used 50424K [0x00000000a0000000, 0x00000000ab300000, 0x00000000e0000000)
  object space 183296K, 27% used [0x00000000a0000000,0x00000000a313e2c0,0x00000000ab300000)
 Metaspace       used 95231K, capacity 98634K, committed 100056K, reserved 1136640K
  class space    used 12412K, capacity 13067K, committed 13312K, reserved 1048576K
Event: 6236.837 GC heap after
Heap after GC invocations=29 (full 5):
 PSYoungGen      total 378880K, used 24417K [0x00000000e0000000, 0x00000000fa980000, 0x0000000100000000)
  eden space 330240K, 0% used [0x00000000e0000000,0x00000000e0000000,0x00000000f4280000)
  from space 48640K, 50% used [0x00000000f7a00000,0x00000000f91d84d8,0x00000000fa980000)
  to   space 52736K, 0% used [0x00000000f4280000,0x00000000f4280000,0x00000000f7600000)
 ParOldGen       total 183296K, used 50432K [0x00000000a0000000, 0x00000000ab300000, 0x00000000e0000000)
  object space 183296K, 27% used [0x00000000a0000000,0x00000000a31402c0,0x00000000ab300000)
 Metaspace       used 95231K, capacity 98634K, committed 100056K, reserved 1136640K
  class space    used 12412K, capacity 13067K, committed 13312K, reserved 1048576K
}

